


ARM Macro Assembler    Page 1 


    1 00000000                 AREA             RESET, DATA, READONLY
    2 00000000                 EXPORT           __Vectors
    3 00000000         
    4 00000000         __Vectors
    5 00000000 40001000        DCD              0x40001000  ; stack pointer val
                                                            ue when stack is em
                                                            pty
    6 00000004 00000000        DCD              Reset_Handler ; reset vector
    7 00000008         
    8 00000008                 ALIGN
    9 00000008                 AREA             mycode, CODE, READONLY
   10 00000000                 ENTRY
   11 00000000                 EXPORT           Reset_Handler
   12 00000000         
   13 00000000         Reset_Handler
   14 00000000 4807            LDR              R0,=V1
   15 00000002 4D08            LDR              R5,=ANS
   16 00000004 6803            LDR              R3,[R0]
   17 00000006 F04F 0100       MOV              R1,#0
   18 0000000A F04F 0200       MOV              R2,#0
   19 0000000E FB03 3103       MLA              R1,R3,R3,R3
   20 00000012 EA4F 0151       LSR              R1,#1
   21 00000016 460A            MOV              R2,R1
   22 00000018 602A            STR              R2,[R5]
   23 0000001A E7FE    STOP    B                STOP
   24 0000001C         
   25 0000001C 00000006 
                       V1      DCD              6
   26 00000020 00000000 
              00000000         AREA             MY_DATA, DATA, READWRITE
   27 00000000         
   28 00000000 00000000 
                       ANS     DCD              0
   29 00000004         
   30 00000004                 END
Command Line: --debug --xref --cpu=Cortex-M3 --apcs=interwork --depend=.\q1.d -
o.\q1.o -IC:\Keil\ARM\RV31\INC -IC:\Keil\ARM\CMSIS\Include -IC:\Keil\ARM\Inc\NX
P\LPC17xx --predefine="__EVAL SETA 1" --list=.\q1.lst q1.asm



ARM Macro Assembler    Page 1 Alphabetic symbol ordering
Relocatable symbols

RESET 00000000

Symbol: RESET
   Definitions
      At line 1 in file q1.asm
   Uses
      None
Comment: RESET unused
__Vectors 00000000

Symbol: __Vectors
   Definitions
      At line 4 in file q1.asm
   Uses
      At line 2 in file q1.asm
Comment: __Vectors used once
2 symbols



ARM Macro Assembler    Page 1 Alphabetic symbol ordering
Relocatable symbols

Reset_Handler 00000000

Symbol: Reset_Handler
   Definitions
      At line 13 in file q1.asm
   Uses
      At line 6 in file q1.asm
      At line 11 in file q1.asm

STOP 0000001A

Symbol: STOP
   Definitions
      At line 23 in file q1.asm
   Uses
      At line 23 in file q1.asm
Comment: STOP used once
V1 0000001C

Symbol: V1
   Definitions
      At line 25 in file q1.asm
   Uses
      At line 14 in file q1.asm
Comment: V1 used once
mycode 00000000

Symbol: mycode
   Definitions
      At line 9 in file q1.asm
   Uses
      None
Comment: mycode unused
4 symbols



ARM Macro Assembler    Page 1 Alphabetic symbol ordering
Relocatable symbols

ANS 00000000

Symbol: ANS
   Definitions
      At line 28 in file q1.asm
   Uses
      At line 15 in file q1.asm
Comment: ANS used once
MY_DATA 00000000

Symbol: MY_DATA
   Definitions
      At line 26 in file q1.asm
   Uses
      None
Comment: MY_DATA unused
2 symbols
341 symbols in table
