


ARM Macro Assembler    Page 1 


    1 00000000                 AREA             RESET, DATA, READONLY
    2 00000000                 EXPORT           __Vectors
    3 00000000         
    4 00000000         __Vectors
    5 00000000 40001000        DCD              0x40001000  ; stack pointer val
                                                            ue when stack is em
                                                            pty
    6 00000004 00000000        DCD              Reset_Handler ; reset vector
    7 00000008         
    8 00000008                 ALIGN
    9 00000008                 AREA             mycode, CODE, READONLY
   10 00000000                 ENTRY
   11 00000000                 EXPORT           Reset_Handler
   12 00000000         
   13 00000000         Reset_Handler
   14 00000000 4811            LDR              R0,=V1
   15 00000002 4912            LDR              R1,=V2
   16 00000004 4A12            LDR              R2,=ANS
   17 00000006 6803            LDR              R3,[R0]     ;HAS VALUE OF V1
   18 00000008 680C            LDR              R4,[R1]     ;HAS VALUE OF V2
   19 0000000A F04F 0500       MOV              R5,#0       ;TO STORE V1%V2
   20 0000000E F04F 0600       MOV              R6,#0       ;i variable
   21 00000012 F04F 0700       MOV              R7,#0       ;STORE i*v1
   22 00000016 F04F 0800       MOV              R8,#0       ; STORE REMAINDER
   23 0000001A F04F 0900       MOV              R9,#0       ; STORE FINAL RETUR
                                                            N VALUE
   24 0000001E         LOOP
   25 0000001E F106 0601       ADD              R6,#1
   26 00000022 FB06 F703       MUL              R7,R6,R3
   27 00000026 46B9            MOV              R9,R7
   28 00000028         MODULUS
   29 00000028 42A7            CMP              R7,R4
   30 0000002A BFA8 1B3F       SUBGE            R7,R7,R4
   31 0000002E 42A7            CMP              R7,R4
   32 00000030 DAFA            BGE              MODULUS
   33 00000032 46B8            MOV              R8,R7
   34 00000034 F1B8 0F00       CMP              R8,#0
   35 00000038 D1F1            BNE              LOOP
   36 0000003A F8C2 9000       STR              R9,[R2]
   37 0000003E         
   38 0000003E         
   39 0000003E         
   40 0000003E E7FE    STOP    B                STOP
   41 00000040         
   42 00000040 0000000A 
                       V1      DCD              10
   43 00000044 00000006 
                       V2      DCD              6
   44 00000048 00000000 
              00000000 
              00000000         AREA             MY_DATA, DATA, READWRITE
   45 00000000         
   46 00000000 00000000 
                       ANS     DCD              0
   47 00000004         
   48 00000004                 END
Command Line: --debug --xref --cpu=Cortex-M3 --apcs=interwork --depend=.\q3.d -
o.\q3.o -IC:\Keil\ARM\RV31\INC -IC:\Keil\ARM\CMSIS\Include -IC:\Keil\ARM\Inc\NX
P\LPC17xx --predefine="__EVAL SETA 1" --list=.\q3.lst q3.asm



ARM Macro Assembler    Page 1 Alphabetic symbol ordering
Relocatable symbols

RESET 00000000

Symbol: RESET
   Definitions
      At line 1 in file q3.asm
   Uses
      None
Comment: RESET unused
__Vectors 00000000

Symbol: __Vectors
   Definitions
      At line 4 in file q3.asm
   Uses
      At line 2 in file q3.asm
Comment: __Vectors used once
2 symbols



ARM Macro Assembler    Page 1 Alphabetic symbol ordering
Relocatable symbols

LOOP 0000001E

Symbol: LOOP
   Definitions
      At line 24 in file q3.asm
   Uses
      At line 35 in file q3.asm
Comment: LOOP used once
MODULUS 00000028

Symbol: MODULUS
   Definitions
      At line 28 in file q3.asm
   Uses
      At line 32 in file q3.asm
Comment: MODULUS used once
Reset_Handler 00000000

Symbol: Reset_Handler
   Definitions
      At line 13 in file q3.asm
   Uses
      At line 6 in file q3.asm
      At line 11 in file q3.asm

STOP 0000003E

Symbol: STOP
   Definitions
      At line 40 in file q3.asm
   Uses
      At line 40 in file q3.asm
Comment: STOP used once
V1 00000040

Symbol: V1
   Definitions
      At line 42 in file q3.asm
   Uses
      At line 14 in file q3.asm
Comment: V1 used once
V2 00000044

Symbol: V2
   Definitions
      At line 43 in file q3.asm
   Uses
      At line 15 in file q3.asm
Comment: V2 used once
mycode 00000000

Symbol: mycode
   Definitions
      At line 9 in file q3.asm
   Uses
      None
Comment: mycode unused
7 symbols



ARM Macro Assembler    Page 1 Alphabetic symbol ordering
Relocatable symbols

ANS 00000000

Symbol: ANS
   Definitions
      At line 46 in file q3.asm
   Uses
      At line 16 in file q3.asm
Comment: ANS used once
MY_DATA 00000000

Symbol: MY_DATA
   Definitions
      At line 44 in file q3.asm
   Uses
      None
Comment: MY_DATA unused
2 symbols
344 symbols in table
